TodayTest/lib-todaystepcounter/build/outputs/logs/manifest-merger-debug-report.txt
-- Merging decision tree log ---
manifest
ADDED from src/main/AndroidManifest.xml:1:1-61:12
INJECTED from src/main/AndroidManifest.xml:1:1-61:12
INJECTED from src/main/AndroidManifest.xml:1:1-61:12
INJECTED from src/main/AndroidManifest.xml:1:1-61:12
INJECTED from src/main/AndroidManifest.xml:1:1-61:12
INJECTED from src/main/AndroidManifest.xml:1:1-61:12
INJECTED from src/main/AndroidManifest.xml:1:1-61:12
	package
		ADDED from src/main/AndroidManifest.xml:2:5-39
		INJECTED from src/main/AndroidManifest.xml
		INJECTED from src/main/AndroidManifest.xml
	android:versionName
		INJECTED from src/main/AndroidManifest.xml
		ADDED from src/main/AndroidManifest.xml:1:1-61:12
		INJECTED from src/main/AndroidManifest.xml
	android:versionCode
		INJECTED from src/main/AndroidManifest.xml
		ADDED from src/main/AndroidManifest.xml:1:1-61:12
		INJECTED from src/main/AndroidManifest.xml
	xmlns:android
		ADDED from src/main/AndroidManifest.xml:1:11-69
uses-permission#android.permission.READ_EXTERNAL_STORAGE
ADDED from src/main/AndroidManifest.xml:4:5-80
	android:name
		ADDED from src/main/AndroidManifest.xml:4:22-77
uses-permission#android.permission.WRITE_EXTERNAL_STORAGE
ADDED from src/main/AndroidManifest.xml:5:5-81
	android:name
		ADDED from src/main/AndroidManifest.xml:5:22-78
uses-permission#android.permission.WAKE_LOCK
ADDED from src/main/AndroidManifest.xml:6:5-68
	android:name
		ADDED from src/main/AndroidManifest.xml:6:22-65
uses-permission#android.permission.RECEIVE_BOOT_COMPLETED
ADDED from src/main/AndroidManifest.xml:7:5-81
	android:name
		ADDED from src/main/AndroidManifest.xml:7:22-78
uses-permission#com.android.launcher.permission.READ_SETTINGS
ADDED from src/main/AndroidManifest.xml:8:5-85
	android:name
		ADDED from src/main/AndroidManifest.xml:8:22-82
uses-feature#android.hardware.sensor.stepcounter
ADDED from src/main/AndroidManifest.xml:11:5-13:35
	android:required
		ADDED from src/main/AndroidManifest.xml:13:9-32
	android:name
		ADDED from src/main/AndroidManifest.xml:12:9-59
uses-feature#android.hardware.sensor.stepdetector
ADDED from src/main/AndroidManifest.xml:14:5-16:35
	android:required
		ADDED from src/main/AndroidManifest.xml:16:9-32
	android:name
		ADDED from src/main/AndroidManifest.xml:15:9-60
application
ADDED from src/main/AndroidManifest.xml:18:5-59:19
service#com.Healthy.MainPage.lib.TodayStepService
ADDED from src/main/AndroidManifest.xml:21:9-39:19
	android:process
		ADDED from src/main/AndroidManifest.xml:25:13-41
	android:enabled
		ADDED from src/main/AndroidManifest.xml:23:13-35
	android:launchMode
		ADDED from src/main/AndroidManifest.xml:26:13-48
	android:exported
		ADDED from src/main/AndroidManifest.xml:24:13-37
	android:priority
		ADDED from src/main/AndroidManifest.xml:27:13-36
	android:name
		ADDED from src/main/AndroidManifest.xml:22:13-69
intent-filter#action:name:android.intent.action.ACTION_POWER_CONNECTED+action:name:android.intent.action.ACTION_POWER_DISCONNECTED+action:name:android.intent.action.ACTION_TIME_TICK+action:name:android.intent.action.BOOT_COMPLETED+action:name:android.intent.action.DATE_CHANGED+action:name:android.intent.action.MEDIA_MOUNTED+action:name:android.intent.action.USER_PRESENT
ADDED from src/main/AndroidManifest.xml:28:13-38:29
action#android.intent.action.BOOT_COMPLETED
ADDED from src/main/AndroidManifest.xml:31:17-79
	android:name
		ADDED from src/main/AndroidManifest.xml:31:25-76
action#android.intent.action.DATE_CHANGED
ADDED from src/main/AndroidManifest.xml:32:17-77
	android:name
		ADDED from src/main/AndroidManifest.xml:32:25-74
action#android.intent.action.MEDIA_MOUNTED
ADDED from src/main/AndroidManifest.xml:33:17-78
	android:name
		ADDED from src/main/AndroidManifest.xml:33:25-75
action#android.intent.action.USER_PRESENT
ADDED from src/main/AndroidManifest.xml:34:17-77
	android:name
		ADDED from src/main/AndroidManifest.xml:34:25-74
action#android.intent.action.ACTION_TIME_TICK
ADDED from src/main/AndroidManifest.xml:35:17-81
	android:name
		ADDED from src/main/AndroidManifest.xml:35:25-78
action#android.intent.action.ACTION_POWER_CONNECTED
ADDED from src/main/AndroidManifest.xml:36:17-87
	android:name
		ADDED from src/main/AndroidManifest.xml:36:25-84
action#android.intent.action.ACTION_POWER_DISCONNECTED
ADDED from src/main/AndroidManifest.xml:37:17-90
	android:name
		ADDED from src/main/AndroidManifest.xml:37:25-87
receiver#com.Healthy.MainPage.lib.TodayStepBootCompleteReceiver
ADDED from src/main/AndroidManifest.xml:42:9-49:20
	android:enabled
		ADDED from src/main/AndroidManifest.xml:44:13-35
	android:exported
		ADDED from src/main/AndroidManifest.xml:45:13-37
	android:name
		ADDED from src/main/AndroidManifest.xml:43:13-82
intent-filter#action:name:android.intent.action.BOOT_COMPLETED
ADDED from src/main/AndroidManifest.xml:46:13-48:29
receiver#com.Healthy.MainPage.lib.TodayStepShutdownReceiver
ADDED from src/main/AndroidManifest.xml:52:9-57:20
	android:name
		ADDED from src/main/AndroidManifest.xml:52:19-84
intent-filter#action:name:android.intent.action.ACTION_SHUTDOWN
ADDED from src/main/AndroidManifest.xml:53:13-56:29
action#android.intent.action.ACTION_SHUTDOWN
ADDED from src/main/AndroidManifest.xml:55:17-80
	android:name
		ADDED from src/main/AndroidManifest.xml:55:25-77
uses-sdk
INJECTED from src/main/AndroidManifest.xml reason: use-sdk injection requested
INJECTED from src/main/AndroidManifest.xml
INJECTED from src/main/AndroidManifest.xml
INJECTED from src/main/AndroidManifest.xml
INJECTED from src/main/AndroidManifest.xml
	android:targetSdkVersion
		INJECTED from src/main/AndroidManifest.xml
		ADDED from src/main/AndroidManifest.xml
		INJECTED from src/main/AndroidManifest.xml
	android:minSdkVersion
		INJECTED from src/main/AndroidManifest.xml
		ADDED from src/main/AndroidManifest.xml
		INJECTED from src/main/AndroidManifest.xml